<?xml version="1.0" encoding="UTF-8"?>
<testng-results ignored="0" total="2" passed="2" failed="0" skipped="0">
  <reporter-output>
  </reporter-output>
  <suite started-at="2026-03-31T09:24:15 IST" name="Default suite" finished-at="2026-03-31T09:24:23 IST" duration-ms="8109">
    <groups>
      <group name="cucumber">
        <method signature="AbstractTestNGCucumberTests.runScenario(io.cucumber.testng.PickleWrapper,io.cucumber.testng.FeatureWrapper)[pri:0, instance:runner.Mytestrunner@49438269]" name="runScenario" class="io.cucumber.testng.AbstractTestNGCucumberTests"/>
      </group> <!-- cucumber -->
    </groups>
    <test started-at="2026-03-31T09:24:15 IST" name="Default test" finished-at="2026-03-31T09:24:23 IST" duration-ms="8109">
      <class name="runner.Mytestrunner">
        <test-method is-config="true" signature="setUpClass(org.testng.ITestContext)[pri:0, instance:runner.Mytestrunner@49438269]" started-at="2026-03-31T09:24:15 IST" name="setUpClass" finished-at="2026-03-31T09:24:16 IST" duration-ms="614" status="PASS">
          <params>
            <param index="0">
              <value>
                <![CDATA[org.testng.TestRunner@67594471]]>
              </value>
            </param>
          </params>
          <reporter-output>
          </reporter-output>
        </test-method> <!-- setUpClass -->
        <test-method signature="runScenario(io.cucumber.testng.PickleWrapper,io.cucumber.testng.FeatureWrapper)[pri:0, instance:runner.Mytestrunner@49438269]" started-at="2026-03-31T09:24:16 IST" name="runScenario" description="Runs Cucumber Scenarios" data-provider="scenarios" finished-at="2026-03-31T09:24:20 IST" duration-ms="4043" status="PASS">
          <params>
            <param index="0">
              <value>
                <![CDATA["Login Functionality with different user types"]]>
              </value>
            </param>
            <param index="1">
              <value>
                <![CDATA["Login Function"]]>
              </value>
            </param>
          </params>
          <reporter-output>
          </reporter-output>
        </test-method> <!-- runScenario -->
        <test-method signature="runScenario(io.cucumber.testng.PickleWrapper,io.cucumber.testng.FeatureWrapper)[pri:0, instance:runner.Mytestrunner@49438269]" started-at="2026-03-31T09:24:20 IST" name="runScenario" description="Runs Cucumber Scenarios" data-provider="scenarios" finished-at="2026-03-31T09:24:23 IST" duration-ms="3331" status="PASS">
          <params>
            <param index="0">
              <value>
                <![CDATA["Login Functionality with different user types"]]>
              </value>
            </param>
            <param index="1">
              <value>
                <![CDATA["Login Function"]]>
              </value>
            </param>
          </params>
          <reporter-output>
          </reporter-output>
        </test-method> <!-- runScenario -->
        <test-method is-config="true" signature="tearDownClass()[pri:0, instance:runner.Mytestrunner@49438269]" started-at="2026-03-31T09:24:23 IST" name="tearDownClass" finished-at="2026-03-31T09:24:23 IST" duration-ms="71" status="PASS">
          <reporter-output>
          </reporter-output>
        </test-method> <!-- tearDownClass -->
      </class> <!-- runner.Mytestrunner -->
    </test> <!-- Default test -->
  </suite> <!-- Default suite -->
</testng-results>
